<?xml version="1.0" encoding="UTF-8"?>
<!-- Generated by org.testng.reporters.JUnitXMLReporter -->
<testsuite ignored="2" hostname="DESKTOP-7SM6G84" failures="0" tests="6" name="Test" time="108.194" errors="0" timestamp="2024-11-13T18:04:35 IST">
  <testcase classname="CreateProductByUsingBaseClass.CreatingProductByUsingBaseClassTest" name="CreateProductTest" time="27.683"/>
  <testcase classname="CreateProductByUsingBaseClass.CreatingProductByUsingBaseClassTest" name="CreateProductWithPortNumberTest" time="7.899"/>
  <testcase classname="CreateProductByUsingBaseClass.CreatingProductByUsingBaseClassTest" name="CreateProductWithStartAndEndDateTset" time="7.308"/>
  <testcase classname="CreateOrganization_inRealTime_byUsingBaseClass.OrganizationCreationByUsingBaseClassTest" name="CreateOrgTest" time="11.917"/>
  <testcase classname="CreateOrganization_inRealTime_byUsingBaseClass.OrganizationCreationByUsingBaseClassTest" name="CreateOrgWithIndustryTypeTest" time="9.489"/>
  <testcase classname="CreateOrganization_inRealTime_byUsingBaseClass.OrganizationCreationByUsingBaseClassTest" name="CreateOrgWithPhoneNumberTest" time="8.422"/>
  <testcase classname="Baseclass_InCrmRealeatCases.BaseclassForCrm" name="@AfterSuite configAs" time="0.0">
    <ignored/>
  </testcase> <!-- @AfterSuite configAs -->
  <testcase classname="Baseclass_InCrmRealeatCases.BaseclassForCrm" name="@BeforeSuite configBs" time="0.0">
    <ignored/>
  </testcase> <!-- @BeforeSuite configBs -->
</testsuite> <!-- Test -->
