<?xml version="1.0" encoding="UTF-8"?>
<!-- Generated by org.testng.reporters.JUnitXMLReporter -->
<testsuite ignored="6" hostname="DESKTOP-7SM6G84" failures="1" tests="17" name="Test" time="382.29" errors="0" timestamp="2024-11-11T10:28:16 IST">
  <testcase classname="CreateContactRealTeatScriptUsingBaseClass.CreateContactTest" name="CreateContactWithOrgNameTest" time="48.658"/>
  <testcase classname="CreateContactRealTeatScriptUsingBaseClass.CreateContactTest" name="CreatecontactwithSystemDateTest" time="15.476"/>
  <testcase classname="CreateContactRealTeatScriptUsingBaseClass.CreateContactTest" name="createContactTest" time="12.524"/>
  <testcase classname="CreateProductByUsingBaseClass.CreatingProductByUsingBaseClassTest" name="CreateProductTest" time="15.369"/>
  <testcase classname="CreateProductByUsingBaseClass.CreatingProductByUsingBaseClassTest" name="CreateProductWithPortNumberTest" time="9.953"/>
  <testcase classname="CreateProductByUsingBaseClass.CreatingProductByUsingBaseClassTest" name="CreateProductWithStartAndEndDateTset" time="11.561"/>
  <testcase classname="CreateOrganization_inRealTime_byUsingBaseClass.OrganizationCreationByUsingBaseClassTest" name="CreateOrgTest" time="13.464"/>
  <testcase classname="CreateOrganization_inRealTime_byUsingBaseClass.OrganizationCreationByUsingBaseClassTest" name="CreateOrgWithIndustryTypeTest" time="13.675"/>
  <testcase classname="CreateOrganization_inRealTime_byUsingBaseClass.OrganizationCreationByUsingBaseClassTest" name="CreateOrgWithPhoneNumberTest" time="13.392"/>
  <testcase classname="CreateLeadsInrealTimeByUsingBaseClass.CreatingLeadsByUsiingBaseClassTest" name="CreateLeadTest" time="13.002"/>
  <testcase classname="CreateLeadsInrealTimeByUsingBaseClass.CreatingLeadsByUsiingBaseClassTest" name="CreateLeadWithAllDetails" time="12.436"/>
  <testcase classname="CreateLeadsInrealTimeByUsingBaseClass.CreatingLeadsByUsiingBaseClassTest" name="CreateLeadsWithPhoneNumber" time="13.063">
    <skipped/>
  </testcase> <!-- CreateLeadsWithPhoneNumber -->
  <testcase classname="CreateLeadsInrealTimeByUsingBaseClass.CreatingLeadsByUsiingBaseClassTest" name="CreateLeadsWithPhoneNumber" time="12.203">
    <skipped/>
  </testcase> <!-- CreateLeadsWithPhoneNumber -->
  <testcase classname="CreateLeadsInrealTimeByUsingBaseClass.CreatingLeadsByUsiingBaseClassTest" name="CreateLeadsWithPhoneNumber" time="14.122">
    <skipped/>
  </testcase> <!-- CreateLeadsWithPhoneNumber -->
  <testcase classname="CreateLeadsInrealTimeByUsingBaseClass.CreatingLeadsByUsiingBaseClassTest" name="CreateLeadsWithPhoneNumber" time="13.148">
    <skipped/>
  </testcase> <!-- CreateLeadsWithPhoneNumber -->
  <testcase classname="CreateLeadsInrealTimeByUsingBaseClass.CreatingLeadsByUsiingBaseClassTest" name="CreateLeadsWithPhoneNumber" time="12.708">
    <skipped/>
  </testcase> <!-- CreateLeadsWithPhoneNumber -->
  <testcase classname="CreateLeadsInrealTimeByUsingBaseClass.CreatingLeadsByUsiingBaseClassTest" name="CreateLeadsWithPhoneNumber" time="12.34">
    <failure type="java.lang.AssertionError" message="The following asserts failed:
	expected [Mandala] but found [[ LEA8 ] Mandala - Lead Information]">
      <![CDATA[java.lang.AssertionError: The following asserts failed:
expected [Mandala] but found [[ LEA8 ] Mandala - Lead Information]
at CreateLeadsInrealTimeByUsingBaseClass.CreatingLeadsByUsiingBaseClassTest.CreateLeadsWithPhoneNumber(CreatingLeadsByUsiingBaseClassTest.java:93)
at java.base/java.util.ArrayList.forEach(ArrayList.java:1511)
... Removed 31 stack frames]]>
    </failure>
  </testcase> <!-- CreateLeadsWithPhoneNumber -->
  <testcase classname="Baseclass_InCrmRealeatCases.BaseclassForCrm" name="@BeforeSuite configBs" time="0.0">
    <ignored/>
  </testcase> <!-- @BeforeSuite configBs -->
  <testcase classname="Baseclass_InCrmRealeatCases.BaseclassForCrm" name="@AfterSuite configAs" time="0.0">
    <ignored/>
  </testcase> <!-- @AfterSuite configAs -->
  <testcase classname="Baseclass_InCrmRealeatCases.BaseclassForCrm" name="@AfterSuite configAs" time="0.0">
    <ignored/>
  </testcase> <!-- @AfterSuite configAs -->
  <testcase classname="Baseclass_InCrmRealeatCases.BaseclassForCrm" name="@BeforeSuite configBs" time="0.0">
    <ignored/>
  </testcase> <!-- @BeforeSuite configBs -->
  <testcase classname="Baseclass_InCrmRealeatCases.BaseclassForCrm" name="@AfterSuite configAs" time="0.0">
    <ignored/>
  </testcase> <!-- @AfterSuite configAs -->
  <testcase classname="Baseclass_InCrmRealeatCases.BaseclassForCrm" name="@BeforeSuite configBs" time="0.0">
    <ignored/>
  </testcase> <!-- @BeforeSuite configBs -->
</testsuite> <!-- Test -->
