<?xml version="1.0" encoding="UTF-8"?>
<!-- Generated by org.testng.reporters.JUnitXMLReporter -->
<testsuite ignored="2" hostname="DESKTOP-7SM6G84" failures="0" tests="6" name="Test" time="81.383" errors="0" timestamp="2024-11-13T18:09:06 IST">
  <testcase classname="CreateProductByUsingBaseClass.CreatingProductByUsingBaseClassTest" name="CreateProductTest" time="7.709"/>
  <testcase classname="CreateProductByUsingBaseClass.CreatingProductByUsingBaseClassTest" name="CreateProductWithPortNumberTest" time="8.018"/>
  <testcase classname="CreateProductByUsingBaseClass.CreatingProductByUsingBaseClassTest" name="CreateProductWithStartAndEndDateTset" time="8.13"/>
  <testcase classname="CreateOrganization_inRealTime_byUsingBaseClass.OrganizationCreationByUsingBaseClassTest" name="CreateOrgTest" time="8.046"/>
  <testcase classname="CreateOrganization_inRealTime_byUsingBaseClass.OrganizationCreationByUsingBaseClassTest" name="CreateOrgWithIndustryTypeTest" time="9.444"/>
  <testcase classname="CreateOrganization_inRealTime_byUsingBaseClass.OrganizationCreationByUsingBaseClassTest" name="CreateOrgWithPhoneNumberTest" time="9.171"/>
  <testcase classname="Baseclass_InCrmRealeatCases.BaseclassForCrm" name="@BeforeSuite configBs" time="0.0">
    <ignored/>
  </testcase> <!-- @BeforeSuite configBs -->
  <testcase classname="Baseclass_InCrmRealeatCases.BaseclassForCrm" name="@AfterSuite configAs" time="0.0">
    <ignored/>
  </testcase> <!-- @AfterSuite configAs -->
</testsuite> <!-- Test -->
