<?xml version="1.0" encoding="UTF-8"?>
<testng-results retried="5" ignored="6" total="23" passed="11" failed="1" skipped="0">
  <reporter-output>
  </reporter-output>
  <suite started-at="2024-11-11T10:21:54 IST" name="Suite" finished-at="2024-11-11T10:28:16 IST" duration-ms="382290">
    <groups>
      <group name="regressiontest">
        <method signature="CreateContactTest.CreateContactWithOrgNameTest()[pri:0, instance:CreateContactRealTeatScriptUsingBaseClass.CreateContactTest@2d7275fc]" name="CreateContactWithOrgNameTest" class="CreateContactRealTeatScriptUsingBaseClass.CreateContactTest"/>
        <method signature="CreateContactTest.CreatecontactwithSystemDateTest()[pri:0, instance:CreateContactRealTeatScriptUsingBaseClass.CreateContactTest@2d7275fc]" name="CreatecontactwithSystemDateTest" class="CreateContactRealTeatScriptUsingBaseClass.CreateContactTest"/>
        <method signature="CreatingLeadsByUsiingBaseClassTest.CreateLeadWithAllDetails()[pri:0, instance:CreateLeadsInrealTimeByUsingBaseClass.CreatingLeadsByUsiingBaseClassTest@49ec71f8]" name="CreateLeadWithAllDetails" class="CreateLeadsInrealTimeByUsingBaseClass.CreatingLeadsByUsiingBaseClassTest"/>
        <method signature="CreatingLeadsByUsiingBaseClassTest.CreateLeadsWithPhoneNumber()[pri:0, instance:CreateLeadsInrealTimeByUsingBaseClass.CreatingLeadsByUsiingBaseClassTest@49ec71f8]" name="CreateLeadsWithPhoneNumber" class="CreateLeadsInrealTimeByUsingBaseClass.CreatingLeadsByUsiingBaseClassTest"/>
        <method signature="OrganizationCreationByUsingBaseClassTest.CreateOrgWithIndustryTypeTest()[pri:0, instance:CreateOrganization_inRealTime_byUsingBaseClass.OrganizationCreationByUsingBaseClassTest@16d04d3d]" name="CreateOrgWithIndustryTypeTest" class="CreateOrganization_inRealTime_byUsingBaseClass.OrganizationCreationByUsingBaseClassTest"/>
        <method signature="OrganizationCreationByUsingBaseClassTest.CreateOrgWithPhoneNumberTest()[pri:0, instance:CreateOrganization_inRealTime_byUsingBaseClass.OrganizationCreationByUsingBaseClassTest@16d04d3d]" name="CreateOrgWithPhoneNumberTest" class="CreateOrganization_inRealTime_byUsingBaseClass.OrganizationCreationByUsingBaseClassTest"/>
        <method signature="CreatingProductByUsingBaseClassTest.CreateProductWithPortNumberTest()[pri:0, instance:CreateProductByUsingBaseClass.CreatingProductByUsingBaseClassTest@36bc55de]" name="CreateProductWithPortNumberTest" class="CreateProductByUsingBaseClass.CreatingProductByUsingBaseClassTest"/>
        <method signature="CreatingProductByUsingBaseClassTest.CreateProductWithStartAndEndDateTset()[pri:0, instance:CreateProductByUsingBaseClass.CreatingProductByUsingBaseClassTest@36bc55de]" name="CreateProductWithStartAndEndDateTset" class="CreateProductByUsingBaseClass.CreatingProductByUsingBaseClassTest"/>
      </group> <!-- regressiontest -->
      <group name="smoketest">
        <method signature="CreateContactTest.createContactTest()[pri:0, instance:CreateContactRealTeatScriptUsingBaseClass.CreateContactTest@2d7275fc]" name="createContactTest" class="CreateContactRealTeatScriptUsingBaseClass.CreateContactTest"/>
        <method signature="CreatingLeadsByUsiingBaseClassTest.CreateLeadTest()[pri:0, instance:CreateLeadsInrealTimeByUsingBaseClass.CreatingLeadsByUsiingBaseClassTest@49ec71f8]" name="CreateLeadTest" class="CreateLeadsInrealTimeByUsingBaseClass.CreatingLeadsByUsiingBaseClassTest"/>
        <method signature="OrganizationCreationByUsingBaseClassTest.CreateOrgTest()[pri:0, instance:CreateOrganization_inRealTime_byUsingBaseClass.OrganizationCreationByUsingBaseClassTest@16d04d3d]" name="CreateOrgTest" class="CreateOrganization_inRealTime_byUsingBaseClass.OrganizationCreationByUsingBaseClassTest"/>
        <method signature="CreatingProductByUsingBaseClassTest.CreateProductTest()[pri:0, instance:CreateProductByUsingBaseClass.CreatingProductByUsingBaseClassTest@36bc55de]" name="CreateProductTest" class="CreateProductByUsingBaseClass.CreatingProductByUsingBaseClassTest"/>
      </group> <!-- smoketest -->
    </groups>
    <test started-at="2024-11-11T10:21:54 IST" name="Test" finished-at="2024-11-11T10:28:16 IST" duration-ms="382290">
      <class name="CreateOrganization_inRealTime_byUsingBaseClass.OrganizationCreationByUsingBaseClassTest">
        <test-method is-config="true" signature="configBc(java.lang.String)[pri:0, instance:CreateOrganization_inRealTime_byUsingBaseClass.OrganizationCreationByUsingBaseClassTest@16d04d3d]" started-at="2024-11-11T10:24:32 IST" name="configBc" finished-at="2024-11-11T10:24:34 IST" duration-ms="1790" status="PASS">
          <params>
            <param index="0">
              <value>
                <![CDATA[chrome]]>
              </value>
            </param>
          </params>
          <reporter-output>
          </reporter-output>
        </test-method> <!-- configBc -->
        <test-method is-config="true" signature="configBm()[pri:0, instance:CreateOrganization_inRealTime_byUsingBaseClass.OrganizationCreationByUsingBaseClassTest@16d04d3d]" started-at="2024-11-11T10:24:34 IST" name="configBm" finished-at="2024-11-11T10:24:39 IST" duration-ms="5274" status="PASS">
          <reporter-output>
          </reporter-output>
        </test-method> <!-- configBm -->
        <test-method signature="CreateOrgTest()[pri:0, instance:CreateOrganization_inRealTime_byUsingBaseClass.OrganizationCreationByUsingBaseClassTest@16d04d3d]" started-at="2024-11-11T10:24:39 IST" name="CreateOrgTest" finished-at="2024-11-11T10:24:53 IST" duration-ms="13464" status="PASS">
          <reporter-output>
          </reporter-output>
        </test-method> <!-- CreateOrgTest -->
        <test-method is-config="true" signature="configAm()[pri:0, instance:CreateOrganization_inRealTime_byUsingBaseClass.OrganizationCreationByUsingBaseClassTest@16d04d3d]" started-at="2024-11-11T10:24:53 IST" name="configAm" finished-at="2024-11-11T10:24:55 IST" duration-ms="2471" status="PASS">
          <reporter-output>
          </reporter-output>
        </test-method> <!-- configAm -->
        <test-method is-config="true" signature="configBm()[pri:0, instance:CreateOrganization_inRealTime_byUsingBaseClass.OrganizationCreationByUsingBaseClassTest@16d04d3d]" started-at="2024-11-11T10:24:55 IST" name="configBm" finished-at="2024-11-11T10:24:59 IST" duration-ms="4189" status="PASS">
          <reporter-output>
          </reporter-output>
        </test-method> <!-- configBm -->
        <test-method signature="CreateOrgWithIndustryTypeTest()[pri:0, instance:CreateOrganization_inRealTime_byUsingBaseClass.OrganizationCreationByUsingBaseClassTest@16d04d3d]" started-at="2024-11-11T10:24:59 IST" name="CreateOrgWithIndustryTypeTest" finished-at="2024-11-11T10:25:13 IST" duration-ms="13675" status="PASS">
          <reporter-output>
          </reporter-output>
        </test-method> <!-- CreateOrgWithIndustryTypeTest -->
        <test-method is-config="true" signature="configAm()[pri:0, instance:CreateOrganization_inRealTime_byUsingBaseClass.OrganizationCreationByUsingBaseClassTest@16d04d3d]" started-at="2024-11-11T10:25:13 IST" name="configAm" finished-at="2024-11-11T10:25:16 IST" duration-ms="2615" status="PASS">
          <reporter-output>
          </reporter-output>
        </test-method> <!-- configAm -->
        <test-method is-config="true" signature="configBm()[pri:0, instance:CreateOrganization_inRealTime_byUsingBaseClass.OrganizationCreationByUsingBaseClassTest@16d04d3d]" started-at="2024-11-11T10:25:16 IST" name="configBm" finished-at="2024-11-11T10:25:20 IST" duration-ms="4800" status="PASS">
          <reporter-output>
          </reporter-output>
        </test-method> <!-- configBm -->
        <test-method signature="CreateOrgWithPhoneNumberTest()[pri:0, instance:CreateOrganization_inRealTime_byUsingBaseClass.OrganizationCreationByUsingBaseClassTest@16d04d3d]" started-at="2024-11-11T10:25:20 IST" name="CreateOrgWithPhoneNumberTest" finished-at="2024-11-11T10:25:34 IST" duration-ms="13392" status="PASS">
          <reporter-output>
          </reporter-output>
        </test-method> <!-- CreateOrgWithPhoneNumberTest -->
        <test-method is-config="true" signature="configAm()[pri:0, instance:CreateOrganization_inRealTime_byUsingBaseClass.OrganizationCreationByUsingBaseClassTest@16d04d3d]" started-at="2024-11-11T10:25:34 IST" name="configAm" finished-at="2024-11-11T10:25:36 IST" duration-ms="2192" status="PASS">
          <reporter-output>
          </reporter-output>
        </test-method> <!-- configAm -->
        <test-method is-config="true" signature="configAc()[pri:0, instance:CreateOrganization_inRealTime_byUsingBaseClass.OrganizationCreationByUsingBaseClassTest@16d04d3d]" started-at="2024-11-11T10:25:36 IST" name="configAc" finished-at="2024-11-11T10:25:36 IST" duration-ms="234" status="PASS">
          <reporter-output>
          </reporter-output>
        </test-method> <!-- configAc -->
      </class> <!-- CreateOrganization_inRealTime_byUsingBaseClass.OrganizationCreationByUsingBaseClassTest -->
      <class name="CreateContactRealTeatScriptUsingBaseClass.CreateContactTest">
        <test-method is-config="true" signature="configBs()[pri:0, instance:CreateContactRealTeatScriptUsingBaseClass.CreateContactTest@2d7275fc]" started-at="2024-11-11T10:21:54 IST" name="configBs" finished-at="2024-11-11T10:21:54 IST" duration-ms="213" status="PASS">
          <reporter-output>
          </reporter-output>
        </test-method> <!-- configBs -->
        <test-method is-config="true" signature="configBc(java.lang.String)[pri:0, instance:CreateContactRealTeatScriptUsingBaseClass.CreateContactTest@2d7275fc]" started-at="2024-11-11T10:21:54 IST" name="configBc" finished-at="2024-11-11T10:21:57 IST" duration-ms="3673" status="PASS">
          <params>
            <param index="0">
              <value>
                <![CDATA[chrome]]>
              </value>
            </param>
          </params>
          <reporter-output>
          </reporter-output>
        </test-method> <!-- configBc -->
        <test-method is-config="true" signature="configBm()[pri:0, instance:CreateContactRealTeatScriptUsingBaseClass.CreateContactTest@2d7275fc]" started-at="2024-11-11T10:21:58 IST" name="configBm" finished-at="2024-11-11T10:22:03 IST" duration-ms="5271" status="PASS">
          <reporter-output>
          </reporter-output>
        </test-method> <!-- configBm -->
        <test-method signature="CreateContactWithOrgNameTest()[pri:0, instance:CreateContactRealTeatScriptUsingBaseClass.CreateContactTest@2d7275fc]" started-at="2024-11-11T10:22:03 IST" name="CreateContactWithOrgNameTest" finished-at="2024-11-11T10:22:51 IST" duration-ms="48658" status="PASS">
          <reporter-output>
          </reporter-output>
        </test-method> <!-- CreateContactWithOrgNameTest -->
        <test-method is-config="true" signature="configAm()[pri:0, instance:CreateContactRealTeatScriptUsingBaseClass.CreateContactTest@2d7275fc]" started-at="2024-11-11T10:22:51 IST" name="configAm" finished-at="2024-11-11T10:22:54 IST" duration-ms="2236" status="PASS">
          <reporter-output>
          </reporter-output>
        </test-method> <!-- configAm -->
        <test-method is-config="true" signature="configBm()[pri:0, instance:CreateContactRealTeatScriptUsingBaseClass.CreateContactTest@2d7275fc]" started-at="2024-11-11T10:22:54 IST" name="configBm" finished-at="2024-11-11T10:22:57 IST" duration-ms="3008" status="PASS">
          <reporter-output>
          </reporter-output>
        </test-method> <!-- configBm -->
        <test-method signature="CreatecontactwithSystemDateTest()[pri:0, instance:CreateContactRealTeatScriptUsingBaseClass.CreateContactTest@2d7275fc]" started-at="2024-11-11T10:22:57 IST" name="CreatecontactwithSystemDateTest" finished-at="2024-11-11T10:23:12 IST" duration-ms="15476" status="PASS">
          <reporter-output>
          </reporter-output>
        </test-method> <!-- CreatecontactwithSystemDateTest -->
        <test-method is-config="true" signature="configAm()[pri:0, instance:CreateContactRealTeatScriptUsingBaseClass.CreateContactTest@2d7275fc]" started-at="2024-11-11T10:23:12 IST" name="configAm" finished-at="2024-11-11T10:23:14 IST" duration-ms="2145" status="PASS">
          <reporter-output>
          </reporter-output>
        </test-method> <!-- configAm -->
        <test-method is-config="true" signature="configBm()[pri:0, instance:CreateContactRealTeatScriptUsingBaseClass.CreateContactTest@2d7275fc]" started-at="2024-11-11T10:23:14 IST" name="configBm" finished-at="2024-11-11T10:23:19 IST" duration-ms="4456" status="PASS">
          <reporter-output>
          </reporter-output>
        </test-method> <!-- configBm -->
        <test-method signature="createContactTest()[pri:0, instance:CreateContactRealTeatScriptUsingBaseClass.CreateContactTest@2d7275fc]" started-at="2024-11-11T10:23:19 IST" name="createContactTest" finished-at="2024-11-11T10:23:31 IST" duration-ms="12524" status="PASS">
          <reporter-output>
          </reporter-output>
        </test-method> <!-- createContactTest -->
        <test-method is-config="true" signature="configAm()[pri:0, instance:CreateContactRealTeatScriptUsingBaseClass.CreateContactTest@2d7275fc]" started-at="2024-11-11T10:23:31 IST" name="configAm" finished-at="2024-11-11T10:23:34 IST" duration-ms="2483" status="PASS">
          <reporter-output>
          </reporter-output>
        </test-method> <!-- configAm -->
        <test-method is-config="true" signature="configAc()[pri:0, instance:CreateContactRealTeatScriptUsingBaseClass.CreateContactTest@2d7275fc]" started-at="2024-11-11T10:23:34 IST" name="configAc" finished-at="2024-11-11T10:23:34 IST" duration-ms="328" status="PASS">
          <reporter-output>
          </reporter-output>
        </test-method> <!-- configAc -->
        <test-method is-config="true" signature="configAs()[pri:0, instance:CreateContactRealTeatScriptUsingBaseClass.CreateContactTest@2d7275fc]" started-at="2024-11-11T10:28:16 IST" name="configAs" finished-at="2024-11-11T10:28:16 IST" duration-ms="0" status="PASS">
          <reporter-output>
          </reporter-output>
        </test-method> <!-- configAs -->
      </class> <!-- CreateContactRealTeatScriptUsingBaseClass.CreateContactTest -->
      <class name="CreateProductByUsingBaseClass.CreatingProductByUsingBaseClassTest">
        <test-method is-config="true" signature="configBc(java.lang.String)[pri:0, instance:CreateProductByUsingBaseClass.CreatingProductByUsingBaseClassTest@36bc55de]" started-at="2024-11-11T10:23:34 IST" name="configBc" finished-at="2024-11-11T10:23:36 IST" duration-ms="1837" status="PASS">
          <params>
            <param index="0">
              <value>
                <![CDATA[chrome]]>
              </value>
            </param>
          </params>
          <reporter-output>
          </reporter-output>
        </test-method> <!-- configBc -->
        <test-method is-config="true" signature="configBm()[pri:0, instance:CreateProductByUsingBaseClass.CreatingProductByUsingBaseClassTest@36bc55de]" started-at="2024-11-11T10:23:36 IST" name="configBm" finished-at="2024-11-11T10:23:40 IST" duration-ms="4294" status="PASS">
          <reporter-output>
          </reporter-output>
        </test-method> <!-- configBm -->
        <test-method signature="CreateProductTest()[pri:0, instance:CreateProductByUsingBaseClass.CreatingProductByUsingBaseClassTest@36bc55de]" started-at="2024-11-11T10:23:40 IST" name="CreateProductTest" finished-at="2024-11-11T10:23:56 IST" duration-ms="15369" status="PASS">
          <reporter-output>
          </reporter-output>
        </test-method> <!-- CreateProductTest -->
        <test-method is-config="true" signature="configAm()[pri:0, instance:CreateProductByUsingBaseClass.CreatingProductByUsingBaseClassTest@36bc55de]" started-at="2024-11-11T10:23:56 IST" name="configAm" finished-at="2024-11-11T10:23:58 IST" duration-ms="1872" status="PASS">
          <reporter-output>
          </reporter-output>
        </test-method> <!-- configAm -->
        <test-method is-config="true" signature="configBm()[pri:0, instance:CreateProductByUsingBaseClass.CreatingProductByUsingBaseClassTest@36bc55de]" started-at="2024-11-11T10:23:58 IST" name="configBm" finished-at="2024-11-11T10:24:01 IST" duration-ms="3301" status="PASS">
          <reporter-output>
          </reporter-output>
        </test-method> <!-- configBm -->
        <test-method signature="CreateProductWithPortNumberTest()[pri:0, instance:CreateProductByUsingBaseClass.CreatingProductByUsingBaseClassTest@36bc55de]" started-at="2024-11-11T10:24:01 IST" name="CreateProductWithPortNumberTest" finished-at="2024-11-11T10:24:11 IST" duration-ms="9953" status="PASS">
          <reporter-output>
          </reporter-output>
        </test-method> <!-- CreateProductWithPortNumberTest -->
        <test-method is-config="true" signature="configAm()[pri:0, instance:CreateProductByUsingBaseClass.CreatingProductByUsingBaseClassTest@36bc55de]" started-at="2024-11-11T10:24:11 IST" name="configAm" finished-at="2024-11-11T10:24:13 IST" duration-ms="2483" status="PASS">
          <reporter-output>
          </reporter-output>
        </test-method> <!-- configAm -->
        <test-method is-config="true" signature="configBm()[pri:0, instance:CreateProductByUsingBaseClass.CreatingProductByUsingBaseClassTest@36bc55de]" started-at="2024-11-11T10:24:13 IST" name="configBm" finished-at="2024-11-11T10:24:18 IST" duration-ms="4695" status="PASS">
          <reporter-output>
          </reporter-output>
        </test-method> <!-- configBm -->
        <test-method signature="CreateProductWithStartAndEndDateTset()[pri:0, instance:CreateProductByUsingBaseClass.CreatingProductByUsingBaseClassTest@36bc55de]" started-at="2024-11-11T10:24:18 IST" name="CreateProductWithStartAndEndDateTset" finished-at="2024-11-11T10:24:30 IST" duration-ms="11561" status="PASS">
          <reporter-output>
          </reporter-output>
        </test-method> <!-- CreateProductWithStartAndEndDateTset -->
        <test-method is-config="true" signature="configAm()[pri:0, instance:CreateProductByUsingBaseClass.CreatingProductByUsingBaseClassTest@36bc55de]" started-at="2024-11-11T10:24:30 IST" name="configAm" finished-at="2024-11-11T10:24:32 IST" duration-ms="2293" status="PASS">
          <reporter-output>
          </reporter-output>
        </test-method> <!-- configAm -->
        <test-method is-config="true" signature="configAc()[pri:0, instance:CreateProductByUsingBaseClass.CreatingProductByUsingBaseClassTest@36bc55de]" started-at="2024-11-11T10:24:32 IST" name="configAc" finished-at="2024-11-11T10:24:32 IST" duration-ms="301" status="PASS">
          <reporter-output>
          </reporter-output>
        </test-method> <!-- configAc -->
      </class> <!-- CreateProductByUsingBaseClass.CreatingProductByUsingBaseClassTest -->
      <class name="CreateLeadsInrealTimeByUsingBaseClass.CreatingLeadsByUsiingBaseClassTest">
        <test-method is-config="true" signature="configBc(java.lang.String)[pri:0, instance:CreateLeadsInrealTimeByUsingBaseClass.CreatingLeadsByUsiingBaseClassTest@49ec71f8]" started-at="2024-11-11T10:25:36 IST" name="configBc" finished-at="2024-11-11T10:25:38 IST" duration-ms="1504" status="PASS">
          <params>
            <param index="0">
              <value>
                <![CDATA[chrome]]>
              </value>
            </param>
          </params>
          <reporter-output>
          </reporter-output>
        </test-method> <!-- configBc -->
        <test-method is-config="true" signature="configBm()[pri:0, instance:CreateLeadsInrealTimeByUsingBaseClass.CreatingLeadsByUsiingBaseClassTest@49ec71f8]" started-at="2024-11-11T10:25:38 IST" name="configBm" finished-at="2024-11-11T10:25:42 IST" duration-ms="4134" status="PASS">
          <reporter-output>
          </reporter-output>
        </test-method> <!-- configBm -->
        <test-method signature="CreateLeadTest()[pri:0, instance:CreateLeadsInrealTimeByUsingBaseClass.CreatingLeadsByUsiingBaseClassTest@49ec71f8]" started-at="2024-11-11T10:25:42 IST" name="CreateLeadTest" finished-at="2024-11-11T10:25:55 IST" duration-ms="13002" status="PASS">
          <reporter-output>
          </reporter-output>
        </test-method> <!-- CreateLeadTest -->
        <test-method is-config="true" signature="configAm()[pri:0, instance:CreateLeadsInrealTimeByUsingBaseClass.CreatingLeadsByUsiingBaseClassTest@49ec71f8]" started-at="2024-11-11T10:25:55 IST" name="configAm" finished-at="2024-11-11T10:25:57 IST" duration-ms="2009" status="PASS">
          <reporter-output>
          </reporter-output>
        </test-method> <!-- configAm -->
        <test-method is-config="true" signature="configBm()[pri:0, instance:CreateLeadsInrealTimeByUsingBaseClass.CreatingLeadsByUsiingBaseClassTest@49ec71f8]" started-at="2024-11-11T10:25:57 IST" name="configBm" finished-at="2024-11-11T10:26:01 IST" duration-ms="3927" status="PASS">
          <reporter-output>
          </reporter-output>
        </test-method> <!-- configBm -->
        <test-method signature="CreateLeadWithAllDetails()[pri:0, instance:CreateLeadsInrealTimeByUsingBaseClass.CreatingLeadsByUsiingBaseClassTest@49ec71f8]" started-at="2024-11-11T10:26:01 IST" name="CreateLeadWithAllDetails" finished-at="2024-11-11T10:26:13 IST" duration-ms="12436" status="PASS">
          <reporter-output>
          </reporter-output>
        </test-method> <!-- CreateLeadWithAllDetails -->
        <test-method is-config="true" signature="configAm()[pri:0, instance:CreateLeadsInrealTimeByUsingBaseClass.CreatingLeadsByUsiingBaseClassTest@49ec71f8]" started-at="2024-11-11T10:26:13 IST" name="configAm" finished-at="2024-11-11T10:26:16 IST" duration-ms="2766" status="PASS">
          <reporter-output>
          </reporter-output>
        </test-method> <!-- configAm -->
        <test-method is-config="true" signature="configBm()[pri:0, instance:CreateLeadsInrealTimeByUsingBaseClass.CreatingLeadsByUsiingBaseClassTest@49ec71f8]" started-at="2024-11-11T10:26:16 IST" name="configBm" finished-at="2024-11-11T10:26:21 IST" duration-ms="5134" status="PASS">
          <reporter-output>
          </reporter-output>
        </test-method> <!-- configBm -->
        <test-method retried="true" signature="CreateLeadsWithPhoneNumber()[pri:0, instance:CreateLeadsInrealTimeByUsingBaseClass.CreatingLeadsByUsiingBaseClassTest@49ec71f8]" started-at="2024-11-11T10:26:21 IST" name="CreateLeadsWithPhoneNumber" finished-at="2024-11-11T10:26:34 IST" duration-ms="13063" status="SKIP">
          <exception class="java.lang.AssertionError">
            <message>
              <![CDATA[The following asserts failed:
expected [Mandala] but found [[ LEA3 ] Mandala - Lead Information]]]>
            </message>
            <full-stacktrace>
              <![CDATA[java.lang.AssertionError: The following asserts failed:
expected [Mandala] but found [[ LEA3 ] Mandala - Lead Information]
at org.testng.asserts.SoftAssert.assertAll(SoftAssert.java:46)
at org.testng.asserts.SoftAssert.assertAll(SoftAssert.java:30)
at CreateLeadsInrealTimeByUsingBaseClass.CreatingLeadsByUsiingBaseClassTest.CreateLeadsWithPhoneNumber(CreatingLeadsByUsiingBaseClassTest.java:93)
at java.base/jdk.internal.reflect.DirectMethodHandleAccessor.invoke(DirectMethodHandleAccessor.java:104)
at java.base/java.lang.reflect.Method.invoke(Method.java:578)
at org.testng.internal.invokers.MethodInvocationHelper.invokeMethod(MethodInvocationHelper.java:139)
at org.testng.internal.invokers.TestInvoker.invokeMethod(TestInvoker.java:677)
at org.testng.internal.invokers.TestInvoker.invokeTestMethod(TestInvoker.java:221)
at org.testng.internal.invokers.MethodRunner.runInSequence(MethodRunner.java:50)
at org.testng.internal.invokers.TestInvoker$MethodInvocationAgent.invoke(TestInvoker.java:969)
at org.testng.internal.invokers.TestInvoker.invokeTestMethods(TestInvoker.java:194)
at org.testng.internal.invokers.TestMethodWorker.invokeTestMethods(TestMethodWorker.java:148)
at org.testng.internal.invokers.TestMethodWorker.run(TestMethodWorker.java:128)
at java.base/java.util.ArrayList.forEach(ArrayList.java:1511)
at org.testng.TestRunner.privateRun(TestRunner.java:829)
at org.testng.TestRunner.run(TestRunner.java:602)
at org.testng.SuiteRunner.runTest(SuiteRunner.java:437)
at org.testng.SuiteRunner.runSequentially(SuiteRunner.java:431)
at org.testng.SuiteRunner.privateRun(SuiteRunner.java:391)
at org.testng.SuiteRunner.run(SuiteRunner.java:330)
at org.testng.SuiteRunnerWorker.runSuite(SuiteRunnerWorker.java:52)
at org.testng.SuiteRunnerWorker.run(SuiteRunnerWorker.java:95)
at org.testng.TestNG.runSuitesSequentially(TestNG.java:1256)
at org.testng.TestNG.runSuitesLocally(TestNG.java:1176)
at org.testng.TestNG.runSuites(TestNG.java:1099)
at org.testng.TestNG.run(TestNG.java:1067)
at org.apache.maven.surefire.testng.TestNGExecutor.run(TestNGExecutor.java:308)
at org.apache.maven.surefire.testng.TestNGXmlTestSuite.execute(TestNGXmlTestSuite.java:71)
at org.apache.maven.surefire.testng.TestNGProvider.invoke(TestNGProvider.java:113)
at org.apache.maven.surefire.booter.ForkedBooter.runSuitesInProcess(ForkedBooter.java:385)
at org.apache.maven.surefire.booter.ForkedBooter.execute(ForkedBooter.java:162)
at org.apache.maven.surefire.booter.ForkedBooter.run(ForkedBooter.java:507)
at org.apache.maven.surefire.booter.ForkedBooter.main(ForkedBooter.java:495)
]]>
            </full-stacktrace>
          </exception> <!-- java.lang.AssertionError -->
          <reporter-output>
          </reporter-output>
        </test-method> <!-- CreateLeadsWithPhoneNumber -->
        <test-method is-config="true" signature="configAm()[pri:0, instance:CreateLeadsInrealTimeByUsingBaseClass.CreatingLeadsByUsiingBaseClassTest@49ec71f8]" started-at="2024-11-11T10:26:34 IST" name="configAm" finished-at="2024-11-11T10:26:37 IST" duration-ms="2989" status="PASS">
          <reporter-output>
          </reporter-output>
        </test-method> <!-- configAm -->
        <test-method is-config="true" signature="configBm()[pri:0, instance:CreateLeadsInrealTimeByUsingBaseClass.CreatingLeadsByUsiingBaseClassTest@49ec71f8]" started-at="2024-11-11T10:26:37 IST" name="configBm" finished-at="2024-11-11T10:26:42 IST" duration-ms="4531" status="PASS">
          <reporter-output>
          </reporter-output>
        </test-method> <!-- configBm -->
        <test-method retried="true" signature="CreateLeadsWithPhoneNumber()[pri:0, instance:CreateLeadsInrealTimeByUsingBaseClass.CreatingLeadsByUsiingBaseClassTest@49ec71f8]" started-at="2024-11-11T10:26:42 IST" name="CreateLeadsWithPhoneNumber" finished-at="2024-11-11T10:26:54 IST" duration-ms="12203" status="SKIP">
          <exception class="java.lang.AssertionError">
            <message>
              <![CDATA[The following asserts failed:
expected [Mandala] but found [[ LEA4 ] Mandala - Lead Information]]]>
            </message>
            <full-stacktrace>
              <![CDATA[java.lang.AssertionError: The following asserts failed:
expected [Mandala] but found [[ LEA4 ] Mandala - Lead Information]
at org.testng.asserts.SoftAssert.assertAll(SoftAssert.java:46)
at org.testng.asserts.SoftAssert.assertAll(SoftAssert.java:30)
at CreateLeadsInrealTimeByUsingBaseClass.CreatingLeadsByUsiingBaseClassTest.CreateLeadsWithPhoneNumber(CreatingLeadsByUsiingBaseClassTest.java:93)
at java.base/jdk.internal.reflect.DirectMethodHandleAccessor.invoke(DirectMethodHandleAccessor.java:104)
at java.base/java.lang.reflect.Method.invoke(Method.java:578)
at org.testng.internal.invokers.MethodInvocationHelper.invokeMethod(MethodInvocationHelper.java:139)
at org.testng.internal.invokers.TestInvoker.invokeMethod(TestInvoker.java:677)
at org.testng.internal.invokers.TestInvoker.retryFailed(TestInvoker.java:263)
at org.testng.internal.invokers.MethodRunner.runInSequence(MethodRunner.java:62)
at org.testng.internal.invokers.TestInvoker$MethodInvocationAgent.invoke(TestInvoker.java:969)
at org.testng.internal.invokers.TestInvoker.invokeTestMethods(TestInvoker.java:194)
at org.testng.internal.invokers.TestMethodWorker.invokeTestMethods(TestMethodWorker.java:148)
at org.testng.internal.invokers.TestMethodWorker.run(TestMethodWorker.java:128)
at java.base/java.util.ArrayList.forEach(ArrayList.java:1511)
at org.testng.TestRunner.privateRun(TestRunner.java:829)
at org.testng.TestRunner.run(TestRunner.java:602)
at org.testng.SuiteRunner.runTest(SuiteRunner.java:437)
at org.testng.SuiteRunner.runSequentially(SuiteRunner.java:431)
at org.testng.SuiteRunner.privateRun(SuiteRunner.java:391)
at org.testng.SuiteRunner.run(SuiteRunner.java:330)
at org.testng.SuiteRunnerWorker.runSuite(SuiteRunnerWorker.java:52)
at org.testng.SuiteRunnerWorker.run(SuiteRunnerWorker.java:95)
at org.testng.TestNG.runSuitesSequentially(TestNG.java:1256)
at org.testng.TestNG.runSuitesLocally(TestNG.java:1176)
at org.testng.TestNG.runSuites(TestNG.java:1099)
at org.testng.TestNG.run(TestNG.java:1067)
at org.apache.maven.surefire.testng.TestNGExecutor.run(TestNGExecutor.java:308)
at org.apache.maven.surefire.testng.TestNGXmlTestSuite.execute(TestNGXmlTestSuite.java:71)
at org.apache.maven.surefire.testng.TestNGProvider.invoke(TestNGProvider.java:113)
at org.apache.maven.surefire.booter.ForkedBooter.runSuitesInProcess(ForkedBooter.java:385)
at org.apache.maven.surefire.booter.ForkedBooter.execute(ForkedBooter.java:162)
at org.apache.maven.surefire.booter.ForkedBooter.run(ForkedBooter.java:507)
at org.apache.maven.surefire.booter.ForkedBooter.main(ForkedBooter.java:495)
]]>
            </full-stacktrace>
          </exception> <!-- java.lang.AssertionError -->
          <reporter-output>
          </reporter-output>
        </test-method> <!-- CreateLeadsWithPhoneNumber -->
        <test-method is-config="true" signature="configAm()[pri:0, instance:CreateLeadsInrealTimeByUsingBaseClass.CreatingLeadsByUsiingBaseClassTest@49ec71f8]" started-at="2024-11-11T10:26:54 IST" name="configAm" finished-at="2024-11-11T10:26:57 IST" duration-ms="2892" status="PASS">
          <reporter-output>
          </reporter-output>
        </test-method> <!-- configAm -->
        <test-method is-config="true" signature="configBm()[pri:0, instance:CreateLeadsInrealTimeByUsingBaseClass.CreatingLeadsByUsiingBaseClassTest@49ec71f8]" started-at="2024-11-11T10:26:57 IST" name="configBm" finished-at="2024-11-11T10:27:02 IST" duration-ms="4814" status="PASS">
          <reporter-output>
          </reporter-output>
        </test-method> <!-- configBm -->
        <test-method retried="true" signature="CreateLeadsWithPhoneNumber()[pri:0, instance:CreateLeadsInrealTimeByUsingBaseClass.CreatingLeadsByUsiingBaseClassTest@49ec71f8]" started-at="2024-11-11T10:27:02 IST" name="CreateLeadsWithPhoneNumber" finished-at="2024-11-11T10:27:16 IST" duration-ms="14122" status="SKIP">
          <exception class="java.lang.AssertionError">
            <message>
              <![CDATA[The following asserts failed:
expected [Mandala] but found [[ LEA5 ] Mandala - Lead Information]]]>
            </message>
            <full-stacktrace>
              <![CDATA[java.lang.AssertionError: The following asserts failed:
expected [Mandala] but found [[ LEA5 ] Mandala - Lead Information]
at org.testng.asserts.SoftAssert.assertAll(SoftAssert.java:46)
at org.testng.asserts.SoftAssert.assertAll(SoftAssert.java:30)
at CreateLeadsInrealTimeByUsingBaseClass.CreatingLeadsByUsiingBaseClassTest.CreateLeadsWithPhoneNumber(CreatingLeadsByUsiingBaseClassTest.java:93)
at java.base/jdk.internal.reflect.DirectMethodHandleAccessor.invoke(DirectMethodHandleAccessor.java:104)
at java.base/java.lang.reflect.Method.invoke(Method.java:578)
at org.testng.internal.invokers.MethodInvocationHelper.invokeMethod(MethodInvocationHelper.java:139)
at org.testng.internal.invokers.TestInvoker.invokeMethod(TestInvoker.java:677)
at org.testng.internal.invokers.TestInvoker.retryFailed(TestInvoker.java:263)
at org.testng.internal.invokers.MethodRunner.runInSequence(MethodRunner.java:62)
at org.testng.internal.invokers.TestInvoker$MethodInvocationAgent.invoke(TestInvoker.java:969)
at org.testng.internal.invokers.TestInvoker.invokeTestMethods(TestInvoker.java:194)
at org.testng.internal.invokers.TestMethodWorker.invokeTestMethods(TestMethodWorker.java:148)
at org.testng.internal.invokers.TestMethodWorker.run(TestMethodWorker.java:128)
at java.base/java.util.ArrayList.forEach(ArrayList.java:1511)
at org.testng.TestRunner.privateRun(TestRunner.java:829)
at org.testng.TestRunner.run(TestRunner.java:602)
at org.testng.SuiteRunner.runTest(SuiteRunner.java:437)
at org.testng.SuiteRunner.runSequentially(SuiteRunner.java:431)
at org.testng.SuiteRunner.privateRun(SuiteRunner.java:391)
at org.testng.SuiteRunner.run(SuiteRunner.java:330)
at org.testng.SuiteRunnerWorker.runSuite(SuiteRunnerWorker.java:52)
at org.testng.SuiteRunnerWorker.run(SuiteRunnerWorker.java:95)
at org.testng.TestNG.runSuitesSequentially(TestNG.java:1256)
at org.testng.TestNG.runSuitesLocally(TestNG.java:1176)
at org.testng.TestNG.runSuites(TestNG.java:1099)
at org.testng.TestNG.run(TestNG.java:1067)
at org.apache.maven.surefire.testng.TestNGExecutor.run(TestNGExecutor.java:308)
at org.apache.maven.surefire.testng.TestNGXmlTestSuite.execute(TestNGXmlTestSuite.java:71)
at org.apache.maven.surefire.testng.TestNGProvider.invoke(TestNGProvider.java:113)
at org.apache.maven.surefire.booter.ForkedBooter.runSuitesInProcess(ForkedBooter.java:385)
at org.apache.maven.surefire.booter.ForkedBooter.execute(ForkedBooter.java:162)
at org.apache.maven.surefire.booter.ForkedBooter.run(ForkedBooter.java:507)
at org.apache.maven.surefire.booter.ForkedBooter.main(ForkedBooter.java:495)
]]>
            </full-stacktrace>
          </exception> <!-- java.lang.AssertionError -->
          <reporter-output>
          </reporter-output>
        </test-method> <!-- CreateLeadsWithPhoneNumber -->
        <test-method is-config="true" signature="configAm()[pri:0, instance:CreateLeadsInrealTimeByUsingBaseClass.CreatingLeadsByUsiingBaseClassTest@49ec71f8]" started-at="2024-11-11T10:27:16 IST" name="configAm" finished-at="2024-11-11T10:27:18 IST" duration-ms="2683" status="PASS">
          <reporter-output>
          </reporter-output>
        </test-method> <!-- configAm -->
        <test-method is-config="true" signature="configBm()[pri:0, instance:CreateLeadsInrealTimeByUsingBaseClass.CreatingLeadsByUsiingBaseClassTest@49ec71f8]" started-at="2024-11-11T10:27:18 IST" name="configBm" finished-at="2024-11-11T10:27:23 IST" duration-ms="4302" status="PASS">
          <reporter-output>
          </reporter-output>
        </test-method> <!-- configBm -->
        <test-method retried="true" signature="CreateLeadsWithPhoneNumber()[pri:0, instance:CreateLeadsInrealTimeByUsingBaseClass.CreatingLeadsByUsiingBaseClassTest@49ec71f8]" started-at="2024-11-11T10:27:23 IST" name="CreateLeadsWithPhoneNumber" finished-at="2024-11-11T10:27:36 IST" duration-ms="13148" status="SKIP">
          <exception class="java.lang.AssertionError">
            <message>
              <![CDATA[The following asserts failed:
expected [Mandala] but found [[ LEA6 ] Mandala - Lead Information]]]>
            </message>
            <full-stacktrace>
              <![CDATA[java.lang.AssertionError: The following asserts failed:
expected [Mandala] but found [[ LEA6 ] Mandala - Lead Information]
at org.testng.asserts.SoftAssert.assertAll(SoftAssert.java:46)
at org.testng.asserts.SoftAssert.assertAll(SoftAssert.java:30)
at CreateLeadsInrealTimeByUsingBaseClass.CreatingLeadsByUsiingBaseClassTest.CreateLeadsWithPhoneNumber(CreatingLeadsByUsiingBaseClassTest.java:93)
at java.base/jdk.internal.reflect.DirectMethodHandleAccessor.invoke(DirectMethodHandleAccessor.java:104)
at java.base/java.lang.reflect.Method.invoke(Method.java:578)
at org.testng.internal.invokers.MethodInvocationHelper.invokeMethod(MethodInvocationHelper.java:139)
at org.testng.internal.invokers.TestInvoker.invokeMethod(TestInvoker.java:677)
at org.testng.internal.invokers.TestInvoker.retryFailed(TestInvoker.java:263)
at org.testng.internal.invokers.MethodRunner.runInSequence(MethodRunner.java:62)
at org.testng.internal.invokers.TestInvoker$MethodInvocationAgent.invoke(TestInvoker.java:969)
at org.testng.internal.invokers.TestInvoker.invokeTestMethods(TestInvoker.java:194)
at org.testng.internal.invokers.TestMethodWorker.invokeTestMethods(TestMethodWorker.java:148)
at org.testng.internal.invokers.TestMethodWorker.run(TestMethodWorker.java:128)
at java.base/java.util.ArrayList.forEach(ArrayList.java:1511)
at org.testng.TestRunner.privateRun(TestRunner.java:829)
at org.testng.TestRunner.run(TestRunner.java:602)
at org.testng.SuiteRunner.runTest(SuiteRunner.java:437)
at org.testng.SuiteRunner.runSequentially(SuiteRunner.java:431)
at org.testng.SuiteRunner.privateRun(SuiteRunner.java:391)
at org.testng.SuiteRunner.run(SuiteRunner.java:330)
at org.testng.SuiteRunnerWorker.runSuite(SuiteRunnerWorker.java:52)
at org.testng.SuiteRunnerWorker.run(SuiteRunnerWorker.java:95)
at org.testng.TestNG.runSuitesSequentially(TestNG.java:1256)
at org.testng.TestNG.runSuitesLocally(TestNG.java:1176)
at org.testng.TestNG.runSuites(TestNG.java:1099)
at org.testng.TestNG.run(TestNG.java:1067)
at org.apache.maven.surefire.testng.TestNGExecutor.run(TestNGExecutor.java:308)
at org.apache.maven.surefire.testng.TestNGXmlTestSuite.execute(TestNGXmlTestSuite.java:71)
at org.apache.maven.surefire.testng.TestNGProvider.invoke(TestNGProvider.java:113)
at org.apache.maven.surefire.booter.ForkedBooter.runSuitesInProcess(ForkedBooter.java:385)
at org.apache.maven.surefire.booter.ForkedBooter.execute(ForkedBooter.java:162)
at org.apache.maven.surefire.booter.ForkedBooter.run(ForkedBooter.java:507)
at org.apache.maven.surefire.booter.ForkedBooter.main(ForkedBooter.java:495)
]]>
            </full-stacktrace>
          </exception> <!-- java.lang.AssertionError -->
          <reporter-output>
          </reporter-output>
        </test-method> <!-- CreateLeadsWithPhoneNumber -->
        <test-method is-config="true" signature="configAm()[pri:0, instance:CreateLeadsInrealTimeByUsingBaseClass.CreatingLeadsByUsiingBaseClassTest@49ec71f8]" started-at="2024-11-11T10:27:36 IST" name="configAm" finished-at="2024-11-11T10:27:38 IST" duration-ms="2396" status="PASS">
          <reporter-output>
          </reporter-output>
        </test-method> <!-- configAm -->
        <test-method is-config="true" signature="configBm()[pri:0, instance:CreateLeadsInrealTimeByUsingBaseClass.CreatingLeadsByUsiingBaseClassTest@49ec71f8]" started-at="2024-11-11T10:27:38 IST" name="configBm" finished-at="2024-11-11T10:27:43 IST" duration-ms="5044" status="PASS">
          <reporter-output>
          </reporter-output>
        </test-method> <!-- configBm -->
        <test-method retried="true" signature="CreateLeadsWithPhoneNumber()[pri:0, instance:CreateLeadsInrealTimeByUsingBaseClass.CreatingLeadsByUsiingBaseClassTest@49ec71f8]" started-at="2024-11-11T10:27:43 IST" name="CreateLeadsWithPhoneNumber" finished-at="2024-11-11T10:27:56 IST" duration-ms="12708" status="SKIP">
          <exception class="java.lang.AssertionError">
            <message>
              <![CDATA[The following asserts failed:
expected [Mandala] but found [[ LEA7 ] Mandala - Lead Information]]]>
            </message>
            <full-stacktrace>
              <![CDATA[java.lang.AssertionError: The following asserts failed:
expected [Mandala] but found [[ LEA7 ] Mandala - Lead Information]
at org.testng.asserts.SoftAssert.assertAll(SoftAssert.java:46)
at org.testng.asserts.SoftAssert.assertAll(SoftAssert.java:30)
at CreateLeadsInrealTimeByUsingBaseClass.CreatingLeadsByUsiingBaseClassTest.CreateLeadsWithPhoneNumber(CreatingLeadsByUsiingBaseClassTest.java:93)
at java.base/jdk.internal.reflect.DirectMethodHandleAccessor.invoke(DirectMethodHandleAccessor.java:104)
at java.base/java.lang.reflect.Method.invoke(Method.java:578)
at org.testng.internal.invokers.MethodInvocationHelper.invokeMethod(MethodInvocationHelper.java:139)
at org.testng.internal.invokers.TestInvoker.invokeMethod(TestInvoker.java:677)
at org.testng.internal.invokers.TestInvoker.retryFailed(TestInvoker.java:263)
at org.testng.internal.invokers.MethodRunner.runInSequence(MethodRunner.java:62)
at org.testng.internal.invokers.TestInvoker$MethodInvocationAgent.invoke(TestInvoker.java:969)
at org.testng.internal.invokers.TestInvoker.invokeTestMethods(TestInvoker.java:194)
at org.testng.internal.invokers.TestMethodWorker.invokeTestMethods(TestMethodWorker.java:148)
at org.testng.internal.invokers.TestMethodWorker.run(TestMethodWorker.java:128)
at java.base/java.util.ArrayList.forEach(ArrayList.java:1511)
at org.testng.TestRunner.privateRun(TestRunner.java:829)
at org.testng.TestRunner.run(TestRunner.java:602)
at org.testng.SuiteRunner.runTest(SuiteRunner.java:437)
at org.testng.SuiteRunner.runSequentially(SuiteRunner.java:431)
at org.testng.SuiteRunner.privateRun(SuiteRunner.java:391)
at org.testng.SuiteRunner.run(SuiteRunner.java:330)
at org.testng.SuiteRunnerWorker.runSuite(SuiteRunnerWorker.java:52)
at org.testng.SuiteRunnerWorker.run(SuiteRunnerWorker.java:95)
at org.testng.TestNG.runSuitesSequentially(TestNG.java:1256)
at org.testng.TestNG.runSuitesLocally(TestNG.java:1176)
at org.testng.TestNG.runSuites(TestNG.java:1099)
at org.testng.TestNG.run(TestNG.java:1067)
at org.apache.maven.surefire.testng.TestNGExecutor.run(TestNGExecutor.java:308)
at org.apache.maven.surefire.testng.TestNGXmlTestSuite.execute(TestNGXmlTestSuite.java:71)
at org.apache.maven.surefire.testng.TestNGProvider.invoke(TestNGProvider.java:113)
at org.apache.maven.surefire.booter.ForkedBooter.runSuitesInProcess(ForkedBooter.java:385)
at org.apache.maven.surefire.booter.ForkedBooter.execute(ForkedBooter.java:162)
at org.apache.maven.surefire.booter.ForkedBooter.run(ForkedBooter.java:507)
at org.apache.maven.surefire.booter.ForkedBooter.main(ForkedBooter.java:495)
]]>
            </full-stacktrace>
          </exception> <!-- java.lang.AssertionError -->
          <reporter-output>
          </reporter-output>
        </test-method> <!-- CreateLeadsWithPhoneNumber -->
        <test-method is-config="true" signature="configAm()[pri:0, instance:CreateLeadsInrealTimeByUsingBaseClass.CreatingLeadsByUsiingBaseClassTest@49ec71f8]" started-at="2024-11-11T10:27:56 IST" name="configAm" finished-at="2024-11-11T10:27:58 IST" duration-ms="2318" status="PASS">
          <reporter-output>
          </reporter-output>
        </test-method> <!-- configAm -->
        <test-method is-config="true" signature="configBm()[pri:0, instance:CreateLeadsInrealTimeByUsingBaseClass.CreatingLeadsByUsiingBaseClassTest@49ec71f8]" started-at="2024-11-11T10:27:58 IST" name="configBm" finished-at="2024-11-11T10:28:03 IST" duration-ms="4487" status="PASS">
          <reporter-output>
          </reporter-output>
        </test-method> <!-- configBm -->
        <test-method signature="CreateLeadsWithPhoneNumber()[pri:0, instance:CreateLeadsInrealTimeByUsingBaseClass.CreatingLeadsByUsiingBaseClassTest@49ec71f8]" started-at="2024-11-11T10:28:03 IST" name="CreateLeadsWithPhoneNumber" finished-at="2024-11-11T10:28:15 IST" duration-ms="12340" status="FAIL">
          <exception class="java.lang.AssertionError">
            <message>
              <![CDATA[The following asserts failed:
expected [Mandala] but found [[ LEA8 ] Mandala - Lead Information]]]>
            </message>
            <full-stacktrace>
              <![CDATA[java.lang.AssertionError: The following asserts failed:
expected [Mandala] but found [[ LEA8 ] Mandala - Lead Information]
at org.testng.asserts.SoftAssert.assertAll(SoftAssert.java:46)
at org.testng.asserts.SoftAssert.assertAll(SoftAssert.java:30)
at CreateLeadsInrealTimeByUsingBaseClass.CreatingLeadsByUsiingBaseClassTest.CreateLeadsWithPhoneNumber(CreatingLeadsByUsiingBaseClassTest.java:93)
at java.base/jdk.internal.reflect.DirectMethodHandleAccessor.invoke(DirectMethodHandleAccessor.java:104)
at java.base/java.lang.reflect.Method.invoke(Method.java:578)
at org.testng.internal.invokers.MethodInvocationHelper.invokeMethod(MethodInvocationHelper.java:139)
at org.testng.internal.invokers.TestInvoker.invokeMethod(TestInvoker.java:677)
at org.testng.internal.invokers.TestInvoker.retryFailed(TestInvoker.java:263)
at org.testng.internal.invokers.MethodRunner.runInSequence(MethodRunner.java:62)
at org.testng.internal.invokers.TestInvoker$MethodInvocationAgent.invoke(TestInvoker.java:969)
at org.testng.internal.invokers.TestInvoker.invokeTestMethods(TestInvoker.java:194)
at org.testng.internal.invokers.TestMethodWorker.invokeTestMethods(TestMethodWorker.java:148)
at org.testng.internal.invokers.TestMethodWorker.run(TestMethodWorker.java:128)
at java.base/java.util.ArrayList.forEach(ArrayList.java:1511)
at org.testng.TestRunner.privateRun(TestRunner.java:829)
at org.testng.TestRunner.run(TestRunner.java:602)
at org.testng.SuiteRunner.runTest(SuiteRunner.java:437)
at org.testng.SuiteRunner.runSequentially(SuiteRunner.java:431)
at org.testng.SuiteRunner.privateRun(SuiteRunner.java:391)
at org.testng.SuiteRunner.run(SuiteRunner.java:330)
at org.testng.SuiteRunnerWorker.runSuite(SuiteRunnerWorker.java:52)
at org.testng.SuiteRunnerWorker.run(SuiteRunnerWorker.java:95)
at org.testng.TestNG.runSuitesSequentially(TestNG.java:1256)
at org.testng.TestNG.runSuitesLocally(TestNG.java:1176)
at org.testng.TestNG.runSuites(TestNG.java:1099)
at org.testng.TestNG.run(TestNG.java:1067)
at org.apache.maven.surefire.testng.TestNGExecutor.run(TestNGExecutor.java:308)
at org.apache.maven.surefire.testng.TestNGXmlTestSuite.execute(TestNGXmlTestSuite.java:71)
at org.apache.maven.surefire.testng.TestNGProvider.invoke(TestNGProvider.java:113)
at org.apache.maven.surefire.booter.ForkedBooter.runSuitesInProcess(ForkedBooter.java:385)
at org.apache.maven.surefire.booter.ForkedBooter.execute(ForkedBooter.java:162)
at org.apache.maven.surefire.booter.ForkedBooter.run(ForkedBooter.java:507)
at org.apache.maven.surefire.booter.ForkedBooter.main(ForkedBooter.java:495)
]]>
            </full-stacktrace>
          </exception> <!-- java.lang.AssertionError -->
          <reporter-output>
          </reporter-output>
        </test-method> <!-- CreateLeadsWithPhoneNumber -->
        <test-method is-config="true" signature="configAm()[pri:0, instance:CreateLeadsInrealTimeByUsingBaseClass.CreatingLeadsByUsiingBaseClassTest@49ec71f8]" started-at="2024-11-11T10:28:15 IST" name="configAm" finished-at="2024-11-11T10:28:16 IST" duration-ms="374" status="PASS">
          <reporter-output>
          </reporter-output>
        </test-method> <!-- configAm -->
        <test-method is-config="true" signature="configAc()[pri:0, instance:CreateLeadsInrealTimeByUsingBaseClass.CreatingLeadsByUsiingBaseClassTest@49ec71f8]" started-at="2024-11-11T10:28:16 IST" name="configAc" finished-at="2024-11-11T10:28:16 IST" duration-ms="330" status="PASS">
          <reporter-output>
          </reporter-output>
        </test-method> <!-- configAc -->
      </class> <!-- CreateLeadsInrealTimeByUsingBaseClass.CreatingLeadsByUsiingBaseClassTest -->
    </test> <!-- Test -->
  </suite> <!-- Suite -->
</testng-results>
