<?xml version="1.0" encoding="UTF-8"?>
<testng-results ignored="2" total="8" passed="6" failed="0" skipped="0">
  <reporter-output>
  </reporter-output>
  <suite started-at="2024-11-13T18:02:47 IST" name="Suite" finished-at="2024-11-13T18:04:35 IST" duration-ms="108194">
    <groups>
      <group name="regressiontest">
        <method signature="CreatingProductByUsingBaseClassTest.CreateProductWithPortNumberTest()[pri:0, instance:CreateProductByUsingBaseClass.CreatingProductByUsingBaseClassTest@689604d9]" name="CreateProductWithPortNumberTest" class="CreateProductByUsingBaseClass.CreatingProductByUsingBaseClassTest"/>
        <method signature="CreatingProductByUsingBaseClassTest.CreateProductWithStartAndEndDateTset()[pri:0, instance:CreateProductByUsingBaseClass.CreatingProductByUsingBaseClassTest@689604d9]" name="CreateProductWithStartAndEndDateTset" class="CreateProductByUsingBaseClass.CreatingProductByUsingBaseClassTest"/>
        <method signature="OrganizationCreationByUsingBaseClassTest.CreateOrgWithIndustryTypeTest()[pri:0, instance:CreateOrganization_inRealTime_byUsingBaseClass.OrganizationCreationByUsingBaseClassTest@31304f14]" name="CreateOrgWithIndustryTypeTest" class="CreateOrganization_inRealTime_byUsingBaseClass.OrganizationCreationByUsingBaseClassTest"/>
        <method signature="OrganizationCreationByUsingBaseClassTest.CreateOrgWithPhoneNumberTest()[pri:0, instance:CreateOrganization_inRealTime_byUsingBaseClass.OrganizationCreationByUsingBaseClassTest@31304f14]" name="CreateOrgWithPhoneNumberTest" class="CreateOrganization_inRealTime_byUsingBaseClass.OrganizationCreationByUsingBaseClassTest"/>
      </group> <!-- regressiontest -->
      <group name="smoketest">
        <method signature="CreatingProductByUsingBaseClassTest.CreateProductTest()[pri:0, instance:CreateProductByUsingBaseClass.CreatingProductByUsingBaseClassTest@689604d9]" name="CreateProductTest" class="CreateProductByUsingBaseClass.CreatingProductByUsingBaseClassTest"/>
        <method signature="OrganizationCreationByUsingBaseClassTest.CreateOrgTest()[pri:0, instance:CreateOrganization_inRealTime_byUsingBaseClass.OrganizationCreationByUsingBaseClassTest@31304f14]" name="CreateOrgTest" class="CreateOrganization_inRealTime_byUsingBaseClass.OrganizationCreationByUsingBaseClassTest"/>
      </group> <!-- smoketest -->
    </groups>
    <test started-at="2024-11-13T18:02:47 IST" name="Test" finished-at="2024-11-13T18:04:35 IST" duration-ms="108194">
      <class name="CreateOrganization_inRealTime_byUsingBaseClass.OrganizationCreationByUsingBaseClassTest">
        <test-method is-config="true" signature="configBc(java.lang.String)[pri:0, instance:CreateOrganization_inRealTime_byUsingBaseClass.OrganizationCreationByUsingBaseClassTest@31304f14]" started-at="2024-11-13T18:03:51 IST" name="configBc" finished-at="2024-11-13T18:03:52 IST" duration-ms="1590" status="PASS">
          <params>
            <param index="0">
              <value>
                <![CDATA[chrome]]>
              </value>
            </param>
          </params>
          <reporter-output>
          </reporter-output>
        </test-method> <!-- configBc -->
        <test-method is-config="true" signature="configBm()[pri:0, instance:CreateOrganization_inRealTime_byUsingBaseClass.OrganizationCreationByUsingBaseClassTest@31304f14]" started-at="2024-11-13T18:03:52 IST" name="configBm" finished-at="2024-11-13T18:03:56 IST" duration-ms="3449" status="PASS">
          <reporter-output>
          </reporter-output>
        </test-method> <!-- configBm -->
        <test-method signature="CreateOrgTest()[pri:0, instance:CreateOrganization_inRealTime_byUsingBaseClass.OrganizationCreationByUsingBaseClassTest@31304f14]" started-at="2024-11-13T18:03:56 IST" name="CreateOrgTest" finished-at="2024-11-13T18:04:08 IST" duration-ms="11917" status="PASS">
          <reporter-output>
          </reporter-output>
        </test-method> <!-- CreateOrgTest -->
        <test-method is-config="true" signature="configAm()[pri:0, instance:CreateOrganization_inRealTime_byUsingBaseClass.OrganizationCreationByUsingBaseClassTest@31304f14]" started-at="2024-11-13T18:04:08 IST" name="configAm" finished-at="2024-11-13T18:04:09 IST" duration-ms="1352" status="PASS">
          <reporter-output>
          </reporter-output>
        </test-method> <!-- configAm -->
        <test-method is-config="true" signature="configBm()[pri:0, instance:CreateOrganization_inRealTime_byUsingBaseClass.OrganizationCreationByUsingBaseClassTest@31304f14]" started-at="2024-11-13T18:04:09 IST" name="configBm" finished-at="2024-11-13T18:04:12 IST" duration-ms="2474" status="PASS">
          <reporter-output>
          </reporter-output>
        </test-method> <!-- configBm -->
        <test-method signature="CreateOrgWithIndustryTypeTest()[pri:0, instance:CreateOrganization_inRealTime_byUsingBaseClass.OrganizationCreationByUsingBaseClassTest@31304f14]" started-at="2024-11-13T18:04:12 IST" name="CreateOrgWithIndustryTypeTest" finished-at="2024-11-13T18:04:21 IST" duration-ms="9489" status="PASS">
          <reporter-output>
          </reporter-output>
        </test-method> <!-- CreateOrgWithIndustryTypeTest -->
        <test-method is-config="true" signature="configAm()[pri:0, instance:CreateOrganization_inRealTime_byUsingBaseClass.OrganizationCreationByUsingBaseClassTest@31304f14]" started-at="2024-11-13T18:04:21 IST" name="configAm" finished-at="2024-11-13T18:04:22 IST" duration-ms="1300" status="PASS">
          <reporter-output>
          </reporter-output>
        </test-method> <!-- configAm -->
        <test-method is-config="true" signature="configBm()[pri:0, instance:CreateOrganization_inRealTime_byUsingBaseClass.OrganizationCreationByUsingBaseClassTest@31304f14]" started-at="2024-11-13T18:04:22 IST" name="configBm" finished-at="2024-11-13T18:04:25 IST" duration-ms="2578" status="PASS">
          <reporter-output>
          </reporter-output>
        </test-method> <!-- configBm -->
        <test-method signature="CreateOrgWithPhoneNumberTest()[pri:0, instance:CreateOrganization_inRealTime_byUsingBaseClass.OrganizationCreationByUsingBaseClassTest@31304f14]" started-at="2024-11-13T18:04:25 IST" name="CreateOrgWithPhoneNumberTest" finished-at="2024-11-13T18:04:33 IST" duration-ms="8422" status="PASS">
          <reporter-output>
          </reporter-output>
        </test-method> <!-- CreateOrgWithPhoneNumberTest -->
        <test-method is-config="true" signature="configAm()[pri:0, instance:CreateOrganization_inRealTime_byUsingBaseClass.OrganizationCreationByUsingBaseClassTest@31304f14]" started-at="2024-11-13T18:04:33 IST" name="configAm" finished-at="2024-11-13T18:04:35 IST" duration-ms="1318" status="PASS">
          <reporter-output>
          </reporter-output>
        </test-method> <!-- configAm -->
        <test-method is-config="true" signature="configAc()[pri:0, instance:CreateOrganization_inRealTime_byUsingBaseClass.OrganizationCreationByUsingBaseClassTest@31304f14]" started-at="2024-11-13T18:04:35 IST" name="configAc" finished-at="2024-11-13T18:04:35 IST" duration-ms="252" status="PASS">
          <reporter-output>
          </reporter-output>
        </test-method> <!-- configAc -->
      </class> <!-- CreateOrganization_inRealTime_byUsingBaseClass.OrganizationCreationByUsingBaseClassTest -->
      <class name="CreateProductByUsingBaseClass.CreatingProductByUsingBaseClassTest">
        <test-method is-config="true" signature="configBs()[pri:0, instance:CreateProductByUsingBaseClass.CreatingProductByUsingBaseClassTest@689604d9]" started-at="2024-11-13T18:02:47 IST" name="configBs" finished-at="2024-11-13T18:02:47 IST" duration-ms="170" status="PASS">
          <reporter-output>
          </reporter-output>
        </test-method> <!-- configBs -->
        <test-method is-config="true" signature="configBc(java.lang.String)[pri:0, instance:CreateProductByUsingBaseClass.CreatingProductByUsingBaseClassTest@689604d9]" started-at="2024-11-13T18:02:47 IST" name="configBc" finished-at="2024-11-13T18:02:50 IST" duration-ms="3261" status="PASS">
          <params>
            <param index="0">
              <value>
                <![CDATA[chrome]]>
              </value>
            </param>
          </params>
          <reporter-output>
          </reporter-output>
        </test-method> <!-- configBc -->
        <test-method is-config="true" signature="configBm()[pri:0, instance:CreateProductByUsingBaseClass.CreatingProductByUsingBaseClassTest@689604d9]" started-at="2024-11-13T18:02:50 IST" name="configBm" finished-at="2024-11-13T18:02:58 IST" duration-ms="7858" status="PASS">
          <reporter-output>
          </reporter-output>
        </test-method> <!-- configBm -->
        <test-method signature="CreateProductTest()[pri:0, instance:CreateProductByUsingBaseClass.CreatingProductByUsingBaseClassTest@689604d9]" started-at="2024-11-13T18:02:58 IST" name="CreateProductTest" finished-at="2024-11-13T18:03:26 IST" duration-ms="27683" status="PASS">
          <reporter-output>
          </reporter-output>
        </test-method> <!-- CreateProductTest -->
        <test-method is-config="true" signature="configAm()[pri:0, instance:CreateProductByUsingBaseClass.CreatingProductByUsingBaseClassTest@689604d9]" started-at="2024-11-13T18:03:26 IST" name="configAm" finished-at="2024-11-13T18:03:28 IST" duration-ms="2205" status="PASS">
          <reporter-output>
          </reporter-output>
        </test-method> <!-- configAm -->
        <test-method is-config="true" signature="configBm()[pri:0, instance:CreateProductByUsingBaseClass.CreatingProductByUsingBaseClassTest@689604d9]" started-at="2024-11-13T18:03:28 IST" name="configBm" finished-at="2024-11-13T18:03:30 IST" duration-ms="2510" status="PASS">
          <reporter-output>
          </reporter-output>
        </test-method> <!-- configBm -->
        <test-method signature="CreateProductWithPortNumberTest()[pri:0, instance:CreateProductByUsingBaseClass.CreatingProductByUsingBaseClassTest@689604d9]" started-at="2024-11-13T18:03:30 IST" name="CreateProductWithPortNumberTest" finished-at="2024-11-13T18:03:38 IST" duration-ms="7899" status="PASS">
          <reporter-output>
          </reporter-output>
        </test-method> <!-- CreateProductWithPortNumberTest -->
        <test-method is-config="true" signature="configAm()[pri:0, instance:CreateProductByUsingBaseClass.CreatingProductByUsingBaseClassTest@689604d9]" started-at="2024-11-13T18:03:38 IST" name="configAm" finished-at="2024-11-13T18:03:40 IST" duration-ms="1270" status="PASS">
          <reporter-output>
          </reporter-output>
        </test-method> <!-- configAm -->
        <test-method is-config="true" signature="configBm()[pri:0, instance:CreateProductByUsingBaseClass.CreatingProductByUsingBaseClassTest@689604d9]" started-at="2024-11-13T18:03:40 IST" name="configBm" finished-at="2024-11-13T18:03:42 IST" duration-ms="2337" status="PASS">
          <reporter-output>
          </reporter-output>
        </test-method> <!-- configBm -->
        <test-method signature="CreateProductWithStartAndEndDateTset()[pri:0, instance:CreateProductByUsingBaseClass.CreatingProductByUsingBaseClassTest@689604d9]" started-at="2024-11-13T18:03:42 IST" name="CreateProductWithStartAndEndDateTset" finished-at="2024-11-13T18:03:49 IST" duration-ms="7308" status="PASS">
          <reporter-output>
          </reporter-output>
        </test-method> <!-- CreateProductWithStartAndEndDateTset -->
        <test-method is-config="true" signature="configAm()[pri:0, instance:CreateProductByUsingBaseClass.CreatingProductByUsingBaseClassTest@689604d9]" started-at="2024-11-13T18:03:49 IST" name="configAm" finished-at="2024-11-13T18:03:50 IST" duration-ms="1269" status="PASS">
          <reporter-output>
          </reporter-output>
        </test-method> <!-- configAm -->
        <test-method is-config="true" signature="configAc()[pri:0, instance:CreateProductByUsingBaseClass.CreatingProductByUsingBaseClassTest@689604d9]" started-at="2024-11-13T18:03:50 IST" name="configAc" finished-at="2024-11-13T18:03:51 IST" duration-ms="382" status="PASS">
          <reporter-output>
          </reporter-output>
        </test-method> <!-- configAc -->
        <test-method is-config="true" signature="configAs()[pri:0, instance:CreateProductByUsingBaseClass.CreatingProductByUsingBaseClassTest@689604d9]" started-at="2024-11-13T18:04:35 IST" name="configAs" finished-at="2024-11-13T18:04:35 IST" duration-ms="2" status="PASS">
          <reporter-output>
          </reporter-output>
        </test-method> <!-- configAs -->
      </class> <!-- CreateProductByUsingBaseClass.CreatingProductByUsingBaseClassTest -->
    </test> <!-- Test -->
  </suite> <!-- Suite -->
</testng-results>
